# JRE version: Java(TM) SE Runtime Environment (8.0_192-b12) (build 1.8.0_192-b12)
# Java VM: GraalVM 1.0.0-rc9 (25.192-b12-jvmci-0.49 mixed mode linux-amd64 compressed oops)
Heap:
 PSYoungGen      total 518656K, used 405256K [0x00000000d7100000, 0x00000000fec80000, 0x0000000100000000)
  eden space 380928K, 88% used [0x00000000d7100000,0x00000000ebb64f48,0x00000000ee500000)
  from space 137728K, 48% used [0x00000000f6600000,0x00000000fa75d260,0x00000000fec80000)
  to   space 132096K, 0% used [0x00000000ee500000,0x00000000ee500000,0x00000000f6600000)
 ParOldGen       total 430080K, used 161128K [0x0000000085200000, 0x000000009f600000, 0x00000000d7100000)
  object space 430080K, 37% used [0x0000000085200000,0x000000008ef5a168,0x000000009f600000)
 Metaspace       used 36394K, capacity 39754K, committed 39984K, reserved 1083392K
  class space    used 5247K, capacity 5665K, committed 5680K, reserved 1048576K
GC Heap History (10 events):
Event: 90,566 GC heap before
{Heap before GC invocations=153 (full 9):
 PSYoungGen      total 511488K, used 383936K [0x00000000d7100000, 0x0000000100000000, 0x0000000100000000)
  eden space 356352K, 100% used [0x00000000d7100000,0x00000000ecd00000,0x00000000ecd00000)
  from space 155136K, 17% used [0x00000000ecd00000,0x00000000ee7f0000,0x00000000f6480000)
  to   space 156672K, 0% used [0x00000000f6700000,0x00000000f6700000,0x0000000100000000)
 ParOldGen       total 430080K, used 138060K [0x0000000085200000, 0x000000009f600000, 0x00000000d7100000)
  object space 430080K, 32% used [0x0000000085200000,0x000000008d8d3358,0x000000009f600000)
 Metaspace       used 36390K, capacity 39754K, committed 39984K, reserved 1083392K
  class space    used 5247K, capacity 5665K, committed 5680K, reserved 1048576K
Event: 90,584 GC heap after
Heap after GC invocations=153 (full 9):
 PSYoungGen      total 514560K, used 28320K [0x00000000d7100000, 0x0000000100000000, 0x0000000100000000)
  eden space 357888K, 0% used [0x00000000d7100000,0x00000000d7100000,0x00000000ece80000)
  from space 156672K, 18% used [0x00000000f6700000,0x00000000f82a8000,0x0000000100000000)
  to   space 156160K, 0% used [0x00000000ece80000,0x00000000ece80000,0x00000000f6700000)
 ParOldGen       total 430080K, used 145279K [0x0000000085200000, 0x000000009f600000, 0x00000000d7100000)
  object space 430080K, 33% used [0x0000000085200000,0x000000008dfdfe78,0x000000009f600000)
 Metaspace       used 36390K, capacity 39754K, committed 39984K, reserved 1083392K
  class space    used 5247K, capacity 5665K, committed 5680K, reserved 1048576K
}
Event: 91,128 GC heap before
{Heap before GC invocations=154 (full 9):
 PSYoungGen      total 514560K, used 386208K [0x00000000d7100000, 0x0000000100000000, 0x0000000100000000)
  eden space 357888K, 100% used [0x00000000d7100000,0x00000000ece80000,0x00000000ece80000)
  from space 156672K, 18% used [0x00000000f6700000,0x00000000f82a8000,0x0000000100000000)
  to   space 156160K, 0% used [0x00000000ece80000,0x00000000ece80000,0x00000000f6700000)
 ParOldGen       total 430080K, used 145279K [0x0000000085200000, 0x000000009f600000, 0x00000000d7100000)
  object space 430080K, 33% used [0x0000000085200000,0x000000008dfdfe78,0x000000009f600000)
 Metaspace       used 36390K, capacity 39754K, committed 39984K, reserved 1083392K
  class space    used 5247K, capacity 5665K, committed 5680K, reserved 1048576K
Event: 91,157 GC heap after
Heap after GC invocations=154 (full 9):
 PSYoungGen      total 406016K, used 48128K [0x00000000d7100000, 0x00000000ff580000, 0x0000000100000000)
  eden space 357888K, 0% used [0x00000000d7100000,0x00000000d7100000,0x00000000ece80000)
  from space 48128K, 100% used [0x00000000ece80000,0x00000000efd80000,0x00000000efd80000)
  to   space 151040K, 0% used [0x00000000f6200000,0x00000000f6200000,0x00000000ff580000)
 ParOldGen       total 430080K, used 152543K [0x0000000085200000, 0x000000009f600000, 0x00000000d7100000)
  object space 430080K, 35% used [0x0000000085200000,0x000000008e6f7f58,0x000000009f600000)
 Metaspace       used 36390K, capacity 39754K, committed 39984K, reserved 1083392K
  class space    used 5247K, capacity 5665K, committed 5680K, reserved 1048576K
}
Event: 91,883 GC heap before
{Heap before GC invocations=155 (full 9):
 PSYoungGen      total 406016K, used 406016K [0x00000000d7100000, 0x00000000ff580000, 0x0000000100000000)
  eden space 357888K, 100% used [0x00000000d7100000,0x00000000ece80000,0x00000000ece80000)
  from space 48128K, 100% used [0x00000000ece80000,0x00000000efd80000,0x00000000efd80000)
  to   space 151040K, 0% used [0x00000000f6200000,0x00000000f6200000,0x00000000ff580000)
 ParOldGen       total 430080K, used 152543K [0x0000000085200000, 0x000000009f600000, 0x00000000d7100000)
  object space 430080K, 35% used [0x0000000085200000,0x000000008e6f7f58,0x000000009f600000)
 Metaspace       used 36390K, capacity 39754K, committed 39984K, reserved 1083392K
  class space    used 5247K, capacity 5665K, committed 5680K, reserved 1048576K
Event: 91,912 GC heap after
Heap after GC invocations=155 (full 9):
 PSYoungGen      total 514560K, used 50641K [0x00000000d7100000, 0x0000000100000000, 0x0000000100000000)
  eden space 363520K, 0% used [0x00000000d7100000,0x00000000d7100000,0x00000000ed400000)
  from space 151040K, 33% used [0x00000000f6200000,0x00000000f93747e0,0x00000000ff580000)
  to   space 145408K, 0% used [0x00000000ed400000,0x00000000ed400000,0x00000000f6200000)
 ParOldGen       total 430080K, used 161128K [0x0000000085200000, 0x000000009f600000, 0x00000000d7100000)
  object space 430080K, 37% used [0x0000000085200000,0x000000008ef5a168,0x000000009f600000)
 Metaspace       used 36390K, capacity 39754K, committed 39984K, reserved 1083392K
  class space    used 5247K, capacity 5665K, committed 5680K, reserved 1048576K
}
Event: 92,633 GC heap before
{Heap before GC invocations=156 (full 9):
 PSYoungGen      total 514560K, used 414161K [0x00000000d7100000, 0x0000000100000000, 0x0000000100000000)
  eden space 363520K, 100% used [0x00000000d7100000,0x00000000ed400000,0x00000000ed400000)
  from space 151040K, 33% used [0x00000000f6200000,0x00000000f93747e0,0x00000000ff580000)
  to   space 145408K, 0% used [0x00000000ed400000,0x00000000ed400000,0x00000000f6200000)
 ParOldGen       total 430080K, used 161128K [0x0000000085200000, 0x000000009f600000, 0x00000000d7100000)
  object space 430080K, 37% used [0x0000000085200000,0x000000008ef5a168,0x000000009f600000)
 Metaspace       used 36390K, capacity 39754K, committed 39984K, reserved 1083392K
  class space    used 5247K, capacity 5665K, committed 5680K, reserved 1048576K
Event: 92,661 GC heap after
Heap after GC invocations=156 (full 9):
 PSYoungGen      total 508928K, used 58522K [0x00000000d7100000, 0x00000000fed80000, 0x0000000100000000)
  eden space 363520K, 0% used [0x00000000d7100000,0x00000000d7100000,0x00000000ed400000)
  from space 145408K, 40% used [0x00000000ed400000,0x00000000f0d26950,0x00000000f6200000)
  to   space 138752K, 0% used [0x00000000f6600000,0x00000000f6600000,0x00000000fed80000)
 ParOldGen       total 430080K, used 161128K [0x0000000085200000, 0x000000009f600000, 0x00000000d7100000)
  object space 430080K, 37% used [0x0000000085200000,0x000000008ef5a168,0x000000009f600000)
 Metaspace       used 36390K, capacity 39754K, committed 39984K, reserved 1083392K
  class space    used 5247K, capacity 5665K, committed 5680K, reserved 1048576K
}
Event: 93,287 GC heap before
{Heap before GC invocations=157 (full 9):
 PSYoungGen      total 508928K, used 422042K [0x00000000d7100000, 0x00000000fed80000, 0x0000000100000000)
  eden space 363520K, 100% used [0x00000000d7100000,0x00000000ed400000,0x00000000ed400000)
  from space 145408K, 40% used [0x00000000ed400000,0x00000000f0d26950,0x00000000f6200000)
  to   space 138752K, 0% used [0x00000000f6600000,0x00000000f6600000,0x00000000fed80000)
 ParOldGen       total 430080K, used 161128K [0x0000000085200000, 0x000000009f600000, 0x00000000d7100000)
  object space 430080K, 37% used [0x0000000085200000,0x000000008ef5a168,0x000000009f600000)
 Metaspace       used 36390K, capacity 39754K, committed 39984K, reserved 1083392K
  class space    used 5247K, capacity 5665K, committed 5680K, reserved 1048576K
Event: 93,319 GC heap after
Heap after GC invocations=157 (full 9):
 PSYoungGen      total 518656K, used 66932K [0x00000000d7100000, 0x00000000fec80000, 0x0000000100000000)
  eden space 380928K, 0% used [0x00000000d7100000,0x00000000d7100000,0x00000000ee500000)
  from space 137728K, 48% used [0x00000000f6600000,0x00000000fa75d260,0x00000000fec80000)
  to   space 132096K, 0% used [0x00000000ee500000,0x00000000ee500000,0x00000000f6600000)
 ParOldGen       total 430080K, used 161128K [0x0000000085200000, 0x000000009f600000, 0x00000000d7100000)
  object space 430080K, 37% used [0x0000000085200000,0x000000008ef5a168,0x000000009f600000)
 Metaspace       used 36390K, capacity 39754K, committed 39984K, reserved 1083392K
  class space    used 5247K, capacity 5665K, committed 5680K, reserved 1048576K
}

